{"/Users/theocatala/WebstormProjects/form-ci-cd/src/components/Form.tsx": {"path":"/Users/theocatala/WebstormProjects/form-ci-cd/src/components/Form.tsx","statementMap":{"0":{"start":{"line":1,"column":0},"end":{"line":1,"column":51}},"1":{"start":{"line":2,"column":0},"end":{"line":2,"column":20}},"2":{"start":{"line":3,"column":0},"end":{"line":3,"column":null}},"3":{"start":{"line":19,"column":23},"end":{"line":138,"column":1}},"4":{"start":{"line":20,"column":36},"end":{"line":27,"column":6}},"5":{"start":{"line":29,"column":32},"end":{"line":29,"column":71}},"6":{"start":{"line":30,"column":42},"end":{"line":30,"column":57}},"7":{"start":{"line":31,"column":36},"end":{"line":31,"column":56}},"8":{"start":{"line":33,"column":25},"end":{"line":36,"column":5}},"9":{"start":{"line":34,"column":32},"end":{"line":34,"column":40}},"10":{"start":{"line":35,"column":8},"end":{"line":35,"column":58}},"11":{"start":{"line":35,"column":29},"end":{"line":35,"column":55}},"12":{"start":{"line":38,"column":4},"end":{"line":41,"column":19}},"13":{"start":{"line":39,"column":26},"end":{"line":39,"column":83}},"14":{"start":{"line":39,"column":65},"end":{"line":39,"column":82}},"15":{"start":{"line":40,"column":8},"end":{"line":40,"column":34}},"16":{"start":{"line":43,"column":4},"end":{"line":46,"column":11}},"17":{"start":{"line":44,"column":28},"end":{"line":44,"column":77}},"18":{"start":{"line":45,"column":8},"end":{"line":45,"column":33}},"19":{"start":{"line":48,"column":21},"end":{"line":59,"column":5}},"20":{"start":{"line":49,"column":53},"end":{"line":49,"column":55}},"21":{"start":{"line":51,"column":8},"end":{"line":51,"column":87}},"22":{"start":{"line":51,"column":46},"end":{"line":51,"column":87}},"23":{"start":{"line":52,"column":8},"end":{"line":52,"column":82}},"24":{"start":{"line":52,"column":45},"end":{"line":52,"column":82}},"25":{"start":{"line":53,"column":8},"end":{"line":53,"column":79}},"26":{"start":{"line":53,"column":43},"end":{"line":53,"column":79}},"27":{"start":{"line":54,"column":8},"end":{"line":54,"column":100}},"28":{"start":{"line":54,"column":42},"end":{"line":54,"column":100}},"29":{"start":{"line":55,"column":8},"end":{"line":55,"column":76}},"30":{"start":{"line":55,"column":41},"end":{"line":55,"column":76}},"31":{"start":{"line":56,"column":8},"end":{"line":56,"column":100}},"32":{"start":{"line":56,"column":53},"end":{"line":56,"column":100}},"33":{"start":{"line":58,"column":8},"end":{"line":58,"column":25}},"34":{"start":{"line":61,"column":25},"end":{"line":84,"column":5}},"35":{"start":{"line":62,"column":8},"end":{"line":62,"column":27}},"36":{"start":{"line":63,"column":33},"end":{"line":63,"column":43}},"37":{"start":{"line":65,"column":8},"end":{"line":83,"column":9}},"38":{"start":{"line":66,"column":26},"end":{"line":66,"column":75}},"39":{"start":{"line":67,"column":12},"end":{"line":67,"column":33}},"40":{"start":{"line":68,"column":12},"end":{"line":68,"column":65}},"41":{"start":{"line":69,"column":12},"end":{"line":69,"column":31}},"42":{"start":{"line":70,"column":12},"end":{"line":70,"column":59}},"43":{"start":{"line":71,"column":12},"end":{"line":78,"column":15}},"44":{"start":{"line":79,"column":12},"end":{"line":79,"column":26}},"45":{"start":{"line":81,"column":12},"end":{"line":81,"column":40}},"46":{"start":{"line":82,"column":12},"end":{"line":82,"column":64}},"47":{"start":{"line":86,"column":4},"end":{"line":137,"column":6}},"48":{"start":{"line":131,"column":20},"end":{"line":131,"column":null}},"49":{"start":{"line":140,"column":0},"end":{"line":140,"column":20}}},"fnMap":{"0":{"name":"(anonymous_0)","decl":{"start":{"line":19,"column":23},"end":{"line":19,"column":26}},"loc":{"start":{"line":19,"column":28},"end":{"line":138,"column":1}}},"1":{"name":"(anonymous_1)","decl":{"start":{"line":33,"column":25},"end":{"line":33,"column":26}},"loc":{"start":{"line":33,"column":68},"end":{"line":36,"column":5}}},"2":{"name":"(anonymous_2)","decl":{"start":{"line":35,"column":20},"end":{"line":35,"column":24}},"loc":{"start":{"line":35,"column":29},"end":{"line":35,"column":55}}},"3":{"name":"(anonymous_3)","decl":{"start":{"line":38,"column":14},"end":{"line":38,"column":17}},"loc":{"start":{"line":38,"column":19},"end":{"line":41,"column":5}}},"4":{"name":"(anonymous_4)","decl":{"start":{"line":39,"column":56},"end":{"line":39,"column":57}},"loc":{"start":{"line":39,"column":65},"end":{"line":39,"column":82}}},"5":{"name":"(anonymous_5)","decl":{"start":{"line":43,"column":14},"end":{"line":43,"column":17}},"loc":{"start":{"line":43,"column":19},"end":{"line":46,"column":5}}},"6":{"name":"(anonymous_6)","decl":{"start":{"line":48,"column":21},"end":{"line":48,"column":24}},"loc":{"start":{"line":48,"column":26},"end":{"line":59,"column":5}}},"7":{"name":"(anonymous_7)","decl":{"start":{"line":61,"column":25},"end":{"line":61,"column":26}},"loc":{"start":{"line":61,"column":48},"end":{"line":84,"column":5}}},"8":{"name":"(anonymous_8)","decl":{"start":{"line":130,"column":30},"end":{"line":130,"column":31}},"loc":{"start":{"line":131,"column":20},"end":{"line":131,"column":null}}}},"branchMap":{"0":{"loc":{"start":{"line":44,"column":39},"end":{"line":44,"column":76}},"type":"binary-expr","locations":[{"start":{"line":44,"column":39},"end":{"line":44,"column":68}},{"start":{"line":44,"column":72},"end":{"line":44,"column":76}}]},"1":{"loc":{"start":{"line":51,"column":8},"end":{"line":51,"column":87}},"type":"if","locations":[{"start":{"line":51,"column":8},"end":{"line":51,"column":87}}]},"2":{"loc":{"start":{"line":52,"column":8},"end":{"line":52,"column":82}},"type":"if","locations":[{"start":{"line":52,"column":8},"end":{"line":52,"column":82}}]},"3":{"loc":{"start":{"line":53,"column":8},"end":{"line":53,"column":79}},"type":"if","locations":[{"start":{"line":53,"column":8},"end":{"line":53,"column":79}}]},"4":{"loc":{"start":{"line":54,"column":8},"end":{"line":54,"column":100}},"type":"if","locations":[{"start":{"line":54,"column":8},"end":{"line":54,"column":100}}]},"5":{"loc":{"start":{"line":55,"column":8},"end":{"line":55,"column":76}},"type":"if","locations":[{"start":{"line":55,"column":8},"end":{"line":55,"column":76}}]},"6":{"loc":{"start":{"line":56,"column":8},"end":{"line":56,"column":100}},"type":"if","locations":[{"start":{"line":56,"column":8},"end":{"line":56,"column":100}}]},"7":{"loc":{"start":{"line":65,"column":8},"end":{"line":83,"column":9}},"type":"if","locations":[{"start":{"line":65,"column":8},"end":{"line":83,"column":9}},{"start":{"line":80,"column":15},"end":{"line":83,"column":9}}]},"8":{"loc":{"start":{"line":66,"column":37},"end":{"line":66,"column":74}},"type":"binary-expr","locations":[{"start":{"line":66,"column":37},"end":{"line":66,"column":66}},{"start":{"line":66,"column":70},"end":{"line":66,"column":74}}]},"9":{"loc":{"start":{"line":92,"column":21},"end":{"line":92,"column":91}},"type":"binary-expr","locations":[{"start":{"line":92,"column":21},"end":{"line":92,"column":37}},{"start":{"line":92,"column":41},"end":{"line":92,"column":91}}]},"10":{"loc":{"start":{"line":98,"column":21},"end":{"line":98,"column":89}},"type":"binary-expr","locations":[{"start":{"line":98,"column":21},"end":{"line":98,"column":36}},{"start":{"line":98,"column":40},"end":{"line":98,"column":89}}]},"11":{"loc":{"start":{"line":104,"column":21},"end":{"line":104,"column":83}},"type":"binary-expr","locations":[{"start":{"line":104,"column":21},"end":{"line":104,"column":33}},{"start":{"line":104,"column":37},"end":{"line":104,"column":83}}]},"12":{"loc":{"start":{"line":110,"column":21},"end":{"line":110,"column":91}},"type":"binary-expr","locations":[{"start":{"line":110,"column":21},"end":{"line":110,"column":37}},{"start":{"line":110,"column":41},"end":{"line":110,"column":91}}]},"13":{"loc":{"start":{"line":116,"column":21},"end":{"line":116,"column":81}},"type":"binary-expr","locations":[{"start":{"line":116,"column":21},"end":{"line":116,"column":32}},{"start":{"line":116,"column":36},"end":{"line":116,"column":81}}]},"14":{"loc":{"start":{"line":122,"column":21},"end":{"line":122,"column":93}},"type":"binary-expr","locations":[{"start":{"line":122,"column":21},"end":{"line":122,"column":38}},{"start":{"line":122,"column":42},"end":{"line":122,"column":93}}]}},"s":{"0":1,"1":1,"2":1,"3":1,"4":227,"5":227,"6":227,"7":227,"8":227,"9":108,"10":108,"11":108,"12":227,"13":113,"14":431,"15":113,"16":227,"17":4,"18":4,"19":227,"20":2,"21":2,"22":1,"23":2,"24":1,"25":2,"26":1,"27":2,"28":1,"29":2,"30":1,"31":2,"32":1,"33":2,"34":227,"35":2,"36":2,"37":2,"38":1,"39":1,"40":1,"41":1,"42":1,"43":1,"44":1,"45":1,"46":1,"47":227,"48":60,"49":1},"f":{"0":227,"1":108,"2":108,"3":113,"4":431,"5":4,"6":2,"7":2,"8":60},"b":{"0":[4,3],"1":[1],"2":[1],"3":[1],"4":[1],"5":[1],"6":[1],"7":[1,1],"8":[1,1],"9":[227,1],"10":[227,1],"11":[227,1],"12":[227,1],"13":[227,1],"14":[227,1]}}
,"/Users/theocatala/WebstormProjects/form-ci-cd/src/utils/validations.ts": {"path":"/Users/theocatala/WebstormProjects/form-ci-cd/src/utils/validations.ts","statementMap":{"0":{"start":{"line":1,"column":27},"end":{"line":4,"column":1}},"1":{"start":{"line":2,"column":18},"end":{"line":2,"column":41}},"2":{"start":{"line":3,"column":4},"end":{"line":3,"column":28}},"3":{"start":{"line":1,"column":13},"end":{"line":1,"column":27}},"4":{"start":{"line":6,"column":28},"end":{"line":9,"column":1}},"5":{"start":{"line":7,"column":18},"end":{"line":7,"column":46}},"6":{"start":{"line":8,"column":4},"end":{"line":8,"column":29}},"7":{"start":{"line":6,"column":13},"end":{"line":6,"column":28}},"8":{"start":{"line":11,"column":33},"end":{"line":13,"column":1}},"9":{"start":{"line":12,"column":4},"end":{"line":12,"column":35}},"10":{"start":{"line":11,"column":13},"end":{"line":11,"column":33}},"11":{"start":{"line":15,"column":28},"end":{"line":24,"column":1}},"12":{"start":{"line":16,"column":18},"end":{"line":16,"column":37}},"13":{"start":{"line":17,"column":18},"end":{"line":17,"column":28}},"14":{"start":{"line":18,"column":14},"end":{"line":18,"column":55}},"15":{"start":{"line":19,"column":14},"end":{"line":19,"column":49}},"16":{"start":{"line":20,"column":4},"end":{"line":22,"column":5}},"17":{"start":{"line":21,"column":8},"end":{"line":21,"column":14}},"18":{"start":{"line":23,"column":4},"end":{"line":23,"column":15}},"19":{"start":{"line":15,"column":13},"end":{"line":15,"column":28}},"20":{"start":{"line":26,"column":23},"end":{"line":28,"column":1}},"21":{"start":{"line":27,"column":4},"end":{"line":27,"column":41}},"22":{"start":{"line":26,"column":13},"end":{"line":26,"column":23}}},"fnMap":{"0":{"name":"(anonymous_0)","decl":{"start":{"line":1,"column":27},"end":{"line":1,"column":28}},"loc":{"start":{"line":1,"column":53},"end":{"line":4,"column":1}}},"1":{"name":"(anonymous_1)","decl":{"start":{"line":6,"column":28},"end":{"line":6,"column":29}},"loc":{"start":{"line":6,"column":55},"end":{"line":9,"column":1}}},"2":{"name":"(anonymous_2)","decl":{"start":{"line":11,"column":33},"end":{"line":11,"column":34}},"loc":{"start":{"line":11,"column":59},"end":{"line":13,"column":1}}},"3":{"name":"(anonymous_3)","decl":{"start":{"line":15,"column":28},"end":{"line":15,"column":29}},"loc":{"start":{"line":15,"column":58},"end":{"line":24,"column":1}}},"4":{"name":"(anonymous_4)","decl":{"start":{"line":26,"column":23},"end":{"line":26,"column":24}},"loc":{"start":{"line":26,"column":54},"end":{"line":28,"column":1}}}},"branchMap":{"0":{"loc":{"start":{"line":20,"column":4},"end":{"line":22,"column":5}},"type":"if","locations":[{"start":{"line":20,"column":4},"end":{"line":22,"column":5}}]},"1":{"loc":{"start":{"line":20,"column":8},"end":{"line":20,"column":63}},"type":"binary-expr","locations":[{"start":{"line":20,"column":8},"end":{"line":20,"column":13}},{"start":{"line":20,"column":18},"end":{"line":20,"column":25}},{"start":{"line":20,"column":29},"end":{"line":20,"column":62}}]}},"s":{"0":2,"1":17,"2":17,"3":2,"4":2,"5":10,"6":10,"7":2,"8":2,"9":9,"10":2,"11":2,"12":8,"13":8,"14":8,"15":8,"16":8,"17":2,"18":8,"19":2,"20":2,"21":4,"22":2},"f":{"0":17,"1":10,"2":9,"3":8,"4":4},"b":{"0":[2],"1":[8,6,3]}}
}
