TN:
SF:src/App.tsx
FN:5,App
FNF:1
FNH:0
FNDA:0,App
DA:6,0
LF:1
LH:0
BRF:0
BRH:0
end_of_record
TN:
SF:src/config.ts
FNF:0
FNH:0
DA:1,0
LF:1
LH:0
BRDA:1,0,0,0
BRDA:1,0,1,0
BRF:2
BRH:0
end_of_record
TN:
SF:src/components/Form.tsx
FN:21,(anonymous_0)
FN:36,(anonymous_1)
FN:49,(anonymous_2)
FN:58,(anonymous_3)
FN:60,(anonymous_4)
FN:61,(anonymous_5)
FN:64,(anonymous_6)
FN:67,(anonymous_7)
FN:71,(anonymous_8)
FN:126,(anonymous_9)
FN:174,(anonymous_10)
FNF:11
FNH:9
FNDA:118,(anonymous_0)
FNDA:109,(anonymous_1)
FNDA:108,(anonymous_2)
FNDA:6,(anonymous_3)
FNDA:6,(anonymous_4)
FNDA:6,(anonymous_5)
FNDA:0,(anonymous_6)
FNDA:5,(anonymous_7)
FNDA:1,(anonymous_8)
FNDA:27,(anonymous_9)
FNDA:0,(anonymous_10)
DA:1,1
DA:2,1
DA:3,1
DA:9,1
DA:21,1
DA:22,118
DA:31,118
DA:32,118
DA:33,118
DA:34,118
DA:36,118
DA:37,109
DA:39,109
DA:40,109
DA:41,109
DA:42,109
DA:43,109
DA:44,109
DA:46,109
DA:49,118
DA:50,108
DA:51,108
DA:53,108
DA:54,108
DA:55,108
DA:58,118
DA:59,6
DA:60,6
DA:62,6
DA:64,0
DA:67,118
DA:68,5
DA:71,118
DA:72,1
DA:73,1
DA:74,1
DA:75,1
DA:77,1
DA:79,1
DA:80,1
DA:81,1
DA:96,1
DA:98,1
DA:100,1
DA:101,1
DA:102,1
DA:103,1
DA:111,1
DA:113,0
DA:116,0
DA:117,0
DA:120,0
DA:121,0
DA:123,1
DA:126,118
DA:128,118
DA:175,0
DA:184,1
LF:58
LH:51
BRDA:39,0,0,42
BRDA:40,1,0,30
BRDA:41,2,0,82
BRDA:42,3,0,88
BRDA:43,4,0,92
BRDA:44,5,0,106
BRDA:73,6,0,0
BRDA:79,7,0,1
BRDA:79,7,1,0
BRDA:100,8,0,1
BRDA:100,8,1,0
BRDA:126,9,0,118
BRDA:126,9,1,12
BRDA:134,10,0,118
BRDA:134,10,1,42
BRDA:140,11,0,118
BRDA:140,11,1,30
BRDA:146,12,0,118
BRDA:146,12,1,82
BRDA:152,13,0,118
BRDA:152,13,1,88
BRDA:158,14,0,118
BRDA:158,14,1,92
BRDA:164,15,0,118
BRDA:164,15,1,106
BRDA:167,16,0,118
BRDA:167,16,1,3
BRDA:170,17,0,118
BRDA:170,17,1,1
BRDA:170,18,0,1
BRDA:170,18,1,0
BRF:31
BRH:27
end_of_record
TN:
SF:src/utils/validations.ts
FN:1,(anonymous_0)
FN:6,(anonymous_1)
FN:11,(anonymous_2)
FN:15,(anonymous_3)
FN:26,(anonymous_4)
FNF:5
FNH:5
FNDA:338,(anonymous_0)
FNDA:117,(anonymous_1)
FNDA:116,(anonymous_2)
FNDA:115,(anonymous_3)
FNDA:111,(anonymous_4)
DA:1,2
DA:2,338
DA:3,338
DA:6,2
DA:7,117
DA:8,117
DA:11,2
DA:12,116
DA:15,2
DA:16,115
DA:17,115
DA:18,115
DA:19,115
DA:20,115
DA:21,1
DA:23,115
DA:26,2
DA:27,111
LF:18
LH:18
BRDA:20,0,0,1
BRDA:20,1,0,115
BRDA:20,1,1,114
BRDA:20,1,2,3
BRF:4
BRH:4
end_of_record
