<?xml version="1.0" encoding="UTF-8"?>
<coverage generated="1743167482538" clover="3.2.0">
  <project timestamp="1743167482538" name="All files">
    <metrics statements="60" coveredstatements="60" conditionals="28" coveredconditionals="28" methods="14" coveredmethods="14" elements="102" coveredelements="102" complexity="0" loc="60" ncloc="60" packages="2" files="2" classes="2"/>
    <package name="components">
      <metrics statements="42" coveredstatements="42" conditionals="24" coveredconditionals="24" methods="9" coveredmethods="9"/>
      <file name="Form.tsx" path="/Users/theocatala/WebstormProjects/form-ci-cd/src/components/Form.tsx">
        <metrics statements="42" coveredstatements="42" conditionals="24" coveredconditionals="24" methods="9" coveredmethods="9"/>
        <line num="1" count="1" type="stmt"/>
        <line num="2" count="1" type="stmt"/>
        <line num="3" count="1" type="stmt"/>
        <line num="19" count="1" type="stmt"/>
        <line num="20" count="227" type="stmt"/>
        <line num="29" count="227" type="stmt"/>
        <line num="30" count="227" type="stmt"/>
        <line num="31" count="227" type="stmt"/>
        <line num="33" count="227" type="stmt"/>
        <line num="34" count="108" type="stmt"/>
        <line num="35" count="108" type="stmt"/>
        <line num="38" count="227" type="stmt"/>
        <line num="39" count="431" type="stmt"/>
        <line num="40" count="113" type="stmt"/>
        <line num="43" count="227" type="stmt"/>
        <line num="44" count="4" type="cond" truecount="2" falsecount="0"/>
        <line num="45" count="4" type="stmt"/>
        <line num="48" count="227" type="stmt"/>
        <line num="49" count="2" type="stmt"/>
        <line num="51" count="2" type="cond" truecount="1" falsecount="0"/>
        <line num="52" count="2" type="cond" truecount="1" falsecount="0"/>
        <line num="53" count="2" type="cond" truecount="1" falsecount="0"/>
        <line num="54" count="2" type="cond" truecount="1" falsecount="0"/>
        <line num="55" count="2" type="cond" truecount="1" falsecount="0"/>
        <line num="56" count="2" type="cond" truecount="1" falsecount="0"/>
        <line num="58" count="2" type="stmt"/>
        <line num="61" count="227" type="stmt"/>
        <line num="62" count="2" type="stmt"/>
        <line num="63" count="2" type="stmt"/>
        <line num="65" count="2" type="cond" truecount="2" falsecount="0"/>
        <line num="66" count="1" type="cond" truecount="2" falsecount="0"/>
        <line num="67" count="1" type="stmt"/>
        <line num="68" count="1" type="stmt"/>
        <line num="69" count="1" type="stmt"/>
        <line num="70" count="1" type="stmt"/>
        <line num="71" count="1" type="stmt"/>
        <line num="79" count="1" type="stmt"/>
        <line num="81" count="1" type="stmt"/>
        <line num="82" count="1" type="stmt"/>
        <line num="86" count="227" type="stmt"/>
        <line num="131" count="60" type="stmt"/>
        <line num="140" count="1" type="stmt"/>
      </file>
    </package>
    <package name="utils">
      <metrics statements="18" coveredstatements="18" conditionals="4" coveredconditionals="4" methods="5" coveredmethods="5"/>
      <file name="validations.ts" path="/Users/theocatala/WebstormProjects/form-ci-cd/src/utils/validations.ts">
        <metrics statements="18" coveredstatements="18" conditionals="4" coveredconditionals="4" methods="5" coveredmethods="5"/>
        <line num="1" count="2" type="stmt"/>
        <line num="2" count="17" type="stmt"/>
        <line num="3" count="17" type="stmt"/>
        <line num="6" count="2" type="stmt"/>
        <line num="7" count="10" type="stmt"/>
        <line num="8" count="10" type="stmt"/>
        <line num="11" count="2" type="stmt"/>
        <line num="12" count="9" type="stmt"/>
        <line num="15" count="2" type="stmt"/>
        <line num="16" count="8" type="stmt"/>
        <line num="17" count="8" type="stmt"/>
        <line num="18" count="8" type="stmt"/>
        <line num="19" count="8" type="stmt"/>
        <line num="20" count="8" type="cond" truecount="4" falsecount="0"/>
        <line num="21" count="2" type="stmt"/>
        <line num="23" count="8" type="stmt"/>
        <line num="26" count="2" type="stmt"/>
        <line num="27" count="4" type="stmt"/>
      </file>
    </package>
  </project>
</coverage>
