{"/Users/theocatala/WebstormProjects/form-ci-cd/src/components/Form.tsx": {"path":"/Users/theocatala/WebstormProjects/form-ci-cd/src/components/Form.tsx","statementMap":{"0":{"start":{"line":1,"column":0},"end":{"line":1,"column":51}},"1":{"start":{"line":2,"column":0},"end":{"line":2,"column":20}},"2":{"start":{"line":3,"column":0},"end":{"line":3,"column":null}},"3":{"start":{"line":10,"column":23},"end":{"line":109,"column":1}},"4":{"start":{"line":11,"column":36},"end":{"line":18,"column":6}},"5":{"start":{"line":20,"column":32},"end":{"line":20,"column":71}},"6":{"start":{"line":21,"column":42},"end":{"line":21,"column":57}},"7":{"start":{"line":23,"column":25},"end":{"line":26,"column":5}},"8":{"start":{"line":24,"column":32},"end":{"line":24,"column":40}},"9":{"start":{"line":25,"column":8},"end":{"line":25,"column":58}},"10":{"start":{"line":25,"column":29},"end":{"line":25,"column":55}},"11":{"start":{"line":28,"column":4},"end":{"line":31,"column":19}},"12":{"start":{"line":29,"column":26},"end":{"line":29,"column":83}},"13":{"start":{"line":29,"column":65},"end":{"line":29,"column":82}},"14":{"start":{"line":30,"column":8},"end":{"line":30,"column":34}},"15":{"start":{"line":33,"column":21},"end":{"line":44,"column":5}},"16":{"start":{"line":34,"column":53},"end":{"line":34,"column":55}},"17":{"start":{"line":36,"column":8},"end":{"line":36,"column":87}},"18":{"start":{"line":36,"column":46},"end":{"line":36,"column":87}},"19":{"start":{"line":37,"column":8},"end":{"line":37,"column":82}},"20":{"start":{"line":37,"column":45},"end":{"line":37,"column":82}},"21":{"start":{"line":38,"column":8},"end":{"line":38,"column":79}},"22":{"start":{"line":38,"column":43},"end":{"line":38,"column":79}},"23":{"start":{"line":39,"column":8},"end":{"line":39,"column":100}},"24":{"start":{"line":39,"column":42},"end":{"line":39,"column":100}},"25":{"start":{"line":40,"column":8},"end":{"line":40,"column":69}},"26":{"start":{"line":40,"column":35},"end":{"line":40,"column":69}},"27":{"start":{"line":41,"column":8},"end":{"line":41,"column":100}},"28":{"start":{"line":41,"column":53},"end":{"line":41,"column":100}},"29":{"start":{"line":43,"column":8},"end":{"line":43,"column":25}},"30":{"start":{"line":46,"column":25},"end":{"line":66,"column":5}},"31":{"start":{"line":47,"column":8},"end":{"line":47,"column":27}},"32":{"start":{"line":48,"column":33},"end":{"line":48,"column":43}},"33":{"start":{"line":50,"column":8},"end":{"line":65,"column":9}},"34":{"start":{"line":51,"column":12},"end":{"line":51,"column":67}},"35":{"start":{"line":52,"column":12},"end":{"line":52,"column":59}},"36":{"start":{"line":53,"column":12},"end":{"line":60,"column":15}},"37":{"start":{"line":61,"column":12},"end":{"line":61,"column":26}},"38":{"start":{"line":63,"column":12},"end":{"line":63,"column":40}},"39":{"start":{"line":64,"column":12},"end":{"line":64,"column":64}},"40":{"start":{"line":68,"column":4},"end":{"line":108,"column":6}},"41":{"start":{"line":111,"column":0},"end":{"line":111,"column":20}}},"fnMap":{"0":{"name":"(anonymous_0)","decl":{"start":{"line":10,"column":23},"end":{"line":10,"column":26}},"loc":{"start":{"line":10,"column":28},"end":{"line":109,"column":1}}},"1":{"name":"(anonymous_1)","decl":{"start":{"line":23,"column":25},"end":{"line":23,"column":26}},"loc":{"start":{"line":23,"column":68},"end":{"line":26,"column":5}}},"2":{"name":"(anonymous_2)","decl":{"start":{"line":25,"column":20},"end":{"line":25,"column":24}},"loc":{"start":{"line":25,"column":29},"end":{"line":25,"column":55}}},"3":{"name":"(anonymous_3)","decl":{"start":{"line":28,"column":14},"end":{"line":28,"column":17}},"loc":{"start":{"line":28,"column":19},"end":{"line":31,"column":5}}},"4":{"name":"(anonymous_4)","decl":{"start":{"line":29,"column":56},"end":{"line":29,"column":57}},"loc":{"start":{"line":29,"column":65},"end":{"line":29,"column":82}}},"5":{"name":"(anonymous_5)","decl":{"start":{"line":33,"column":21},"end":{"line":33,"column":24}},"loc":{"start":{"line":33,"column":26},"end":{"line":44,"column":5}}},"6":{"name":"(anonymous_6)","decl":{"start":{"line":46,"column":25},"end":{"line":46,"column":26}},"loc":{"start":{"line":46,"column":48},"end":{"line":66,"column":5}}}},"branchMap":{"0":{"loc":{"start":{"line":36,"column":8},"end":{"line":36,"column":87}},"type":"if","locations":[{"start":{"line":36,"column":8},"end":{"line":36,"column":87}}]},"1":{"loc":{"start":{"line":37,"column":8},"end":{"line":37,"column":82}},"type":"if","locations":[{"start":{"line":37,"column":8},"end":{"line":37,"column":82}}]},"2":{"loc":{"start":{"line":38,"column":8},"end":{"line":38,"column":79}},"type":"if","locations":[{"start":{"line":38,"column":8},"end":{"line":38,"column":79}}]},"3":{"loc":{"start":{"line":39,"column":8},"end":{"line":39,"column":100}},"type":"if","locations":[{"start":{"line":39,"column":8},"end":{"line":39,"column":100}}]},"4":{"loc":{"start":{"line":40,"column":8},"end":{"line":40,"column":69}},"type":"if","locations":[{"start":{"line":40,"column":8},"end":{"line":40,"column":69}}]},"5":{"loc":{"start":{"line":41,"column":8},"end":{"line":41,"column":100}},"type":"if","locations":[{"start":{"line":41,"column":8},"end":{"line":41,"column":100}}]},"6":{"loc":{"start":{"line":50,"column":8},"end":{"line":65,"column":9}},"type":"if","locations":[{"start":{"line":50,"column":8},"end":{"line":65,"column":9}},{"start":{"line":62,"column":15},"end":{"line":65,"column":9}}]},"7":{"loc":{"start":{"line":73,"column":17},"end":{"line":73,"column":87}},"type":"binary-expr","locations":[{"start":{"line":73,"column":17},"end":{"line":73,"column":33}},{"start":{"line":73,"column":37},"end":{"line":73,"column":87}}]},"8":{"loc":{"start":{"line":79,"column":17},"end":{"line":79,"column":85}},"type":"binary-expr","locations":[{"start":{"line":79,"column":17},"end":{"line":79,"column":32}},{"start":{"line":79,"column":36},"end":{"line":79,"column":85}}]},"9":{"loc":{"start":{"line":85,"column":17},"end":{"line":85,"column":79}},"type":"binary-expr","locations":[{"start":{"line":85,"column":17},"end":{"line":85,"column":29}},{"start":{"line":85,"column":33},"end":{"line":85,"column":79}}]},"10":{"loc":{"start":{"line":91,"column":17},"end":{"line":91,"column":87}},"type":"binary-expr","locations":[{"start":{"line":91,"column":17},"end":{"line":91,"column":33}},{"start":{"line":91,"column":37},"end":{"line":91,"column":87}}]},"11":{"loc":{"start":{"line":97,"column":17},"end":{"line":97,"column":77}},"type":"binary-expr","locations":[{"start":{"line":97,"column":17},"end":{"line":97,"column":28}},{"start":{"line":97,"column":32},"end":{"line":97,"column":77}}]},"12":{"loc":{"start":{"line":103,"column":17},"end":{"line":103,"column":89}},"type":"binary-expr","locations":[{"start":{"line":103,"column":17},"end":{"line":103,"column":34}},{"start":{"line":103,"column":38},"end":{"line":103,"column":89}}]}},"s":{"0":1,"1":1,"2":1,"3":1,"4":1,"5":1,"6":1,"7":1,"8":0,"9":0,"10":0,"11":1,"12":1,"13":1,"14":1,"15":1,"16":0,"17":0,"18":0,"19":0,"20":0,"21":0,"22":0,"23":0,"24":0,"25":0,"26":0,"27":0,"28":0,"29":0,"30":1,"31":0,"32":0,"33":0,"34":0,"35":0,"36":0,"37":0,"38":0,"39":0,"40":1,"41":1},"f":{"0":1,"1":0,"2":0,"3":1,"4":1,"5":0,"6":0},"b":{"0":[0],"1":[0],"2":[0],"3":[0],"4":[0],"5":[0],"6":[0,0],"7":[1,0],"8":[1,0],"9":[1,0],"10":[1,0],"11":[1,0],"12":[1,0]}}
,"/Users/theocatala/WebstormProjects/form-ci-cd/src/utils/validations.ts": {"path":"/Users/theocatala/WebstormProjects/form-ci-cd/src/utils/validations.ts","statementMap":{"0":{"start":{"line":1,"column":27},"end":{"line":4,"column":1}},"1":{"start":{"line":2,"column":18},"end":{"line":2,"column":41}},"2":{"start":{"line":3,"column":4},"end":{"line":3,"column":28}},"3":{"start":{"line":1,"column":13},"end":{"line":1,"column":27}},"4":{"start":{"line":6,"column":28},"end":{"line":9,"column":1}},"5":{"start":{"line":7,"column":18},"end":{"line":7,"column":46}},"6":{"start":{"line":8,"column":4},"end":{"line":8,"column":29}},"7":{"start":{"line":6,"column":13},"end":{"line":6,"column":28}},"8":{"start":{"line":11,"column":33},"end":{"line":13,"column":1}},"9":{"start":{"line":12,"column":4},"end":{"line":12,"column":35}},"10":{"start":{"line":11,"column":13},"end":{"line":11,"column":33}},"11":{"start":{"line":15,"column":28},"end":{"line":24,"column":1}},"12":{"start":{"line":16,"column":18},"end":{"line":16,"column":37}},"13":{"start":{"line":17,"column":18},"end":{"line":17,"column":28}},"14":{"start":{"line":18,"column":14},"end":{"line":18,"column":55}},"15":{"start":{"line":19,"column":14},"end":{"line":19,"column":49}},"16":{"start":{"line":20,"column":4},"end":{"line":22,"column":5}},"17":{"start":{"line":21,"column":8},"end":{"line":21,"column":14}},"18":{"start":{"line":23,"column":4},"end":{"line":23,"column":15}},"19":{"start":{"line":15,"column":13},"end":{"line":15,"column":28}},"20":{"start":{"line":26,"column":23},"end":{"line":28,"column":1}},"21":{"start":{"line":27,"column":4},"end":{"line":27,"column":41}},"22":{"start":{"line":26,"column":13},"end":{"line":26,"column":23}}},"fnMap":{"0":{"name":"(anonymous_0)","decl":{"start":{"line":1,"column":27},"end":{"line":1,"column":28}},"loc":{"start":{"line":1,"column":53},"end":{"line":4,"column":1}}},"1":{"name":"(anonymous_1)","decl":{"start":{"line":6,"column":28},"end":{"line":6,"column":29}},"loc":{"start":{"line":6,"column":55},"end":{"line":9,"column":1}}},"2":{"name":"(anonymous_2)","decl":{"start":{"line":11,"column":33},"end":{"line":11,"column":34}},"loc":{"start":{"line":11,"column":59},"end":{"line":13,"column":1}}},"3":{"name":"(anonymous_3)","decl":{"start":{"line":15,"column":28},"end":{"line":15,"column":29}},"loc":{"start":{"line":15,"column":58},"end":{"line":24,"column":1}}},"4":{"name":"(anonymous_4)","decl":{"start":{"line":26,"column":23},"end":{"line":26,"column":24}},"loc":{"start":{"line":26,"column":54},"end":{"line":28,"column":1}}}},"branchMap":{"0":{"loc":{"start":{"line":20,"column":4},"end":{"line":22,"column":5}},"type":"if","locations":[{"start":{"line":20,"column":4},"end":{"line":22,"column":5}}]},"1":{"loc":{"start":{"line":20,"column":8},"end":{"line":20,"column":63}},"type":"binary-expr","locations":[{"start":{"line":20,"column":8},"end":{"line":20,"column":13}},{"start":{"line":20,"column":18},"end":{"line":20,"column":25}},{"start":{"line":20,"column":29},"end":{"line":20,"column":62}}]}},"s":{"0":2,"1":5,"2":5,"3":2,"4":2,"5":3,"6":3,"7":2,"8":2,"9":3,"10":2,"11":2,"12":4,"13":4,"14":4,"15":4,"16":4,"17":1,"18":4,"19":2,"20":2,"21":2,"22":2},"f":{"0":5,"1":3,"2":3,"3":4,"4":2},"b":{"0":[1],"1":[4,3,3]}}
}
