TN:
SF:src/components/Form.tsx
FN:19,(anonymous_0)
FN:33,(anonymous_1)
FN:35,(anonymous_2)
FN:38,(anonymous_3)
FN:39,(anonymous_4)
FN:43,(anonymous_5)
FN:48,(anonymous_6)
FN:61,(anonymous_7)
FN:130,(anonymous_8)
FNF:9
FNH:9
FNDA:227,(anonymous_0)
FNDA:108,(anonymous_1)
FNDA:108,(anonymous_2)
FNDA:113,(anonymous_3)
FNDA:431,(anonymous_4)
FNDA:4,(anonymous_5)
FNDA:2,(anonymous_6)
FNDA:2,(anonymous_7)
FNDA:60,(anonymous_8)
DA:1,1
DA:2,1
DA:3,1
DA:19,1
DA:20,227
DA:29,227
DA:30,227
DA:31,227
DA:33,227
DA:34,108
DA:35,108
DA:38,227
DA:39,431
DA:40,113
DA:43,227
DA:44,4
DA:45,4
DA:48,227
DA:49,2
DA:51,2
DA:52,2
DA:53,2
DA:54,2
DA:55,2
DA:56,2
DA:58,2
DA:61,227
DA:62,2
DA:63,2
DA:65,2
DA:66,1
DA:67,1
DA:68,1
DA:69,1
DA:70,1
DA:71,1
DA:79,1
DA:81,1
DA:82,1
DA:86,227
DA:131,60
DA:140,1
LF:42
LH:42
BRDA:44,0,0,4
BRDA:44,0,1,3
BRDA:51,1,0,1
BRDA:52,2,0,1
BRDA:53,3,0,1
BRDA:54,4,0,1
BRDA:55,5,0,1
BRDA:56,6,0,1
BRDA:65,7,0,1
BRDA:65,7,1,1
BRDA:66,8,0,1
BRDA:66,8,1,1
BRDA:92,9,0,227
BRDA:92,9,1,1
BRDA:98,10,0,227
BRDA:98,10,1,1
BRDA:104,11,0,227
BRDA:104,11,1,1
BRDA:110,12,0,227
BRDA:110,12,1,1
BRDA:116,13,0,227
BRDA:116,13,1,1
BRDA:122,14,0,227
BRDA:122,14,1,1
BRF:24
BRH:24
end_of_record
TN:
SF:src/utils/validations.ts
FN:1,(anonymous_0)
FN:6,(anonymous_1)
FN:11,(anonymous_2)
FN:15,(anonymous_3)
FN:26,(anonymous_4)
FNF:5
FNH:5
FNDA:17,(anonymous_0)
FNDA:10,(anonymous_1)
FNDA:9,(anonymous_2)
FNDA:8,(anonymous_3)
FNDA:4,(anonymous_4)
DA:1,2
DA:2,17
DA:3,17
DA:6,2
DA:7,10
DA:8,10
DA:11,2
DA:12,9
DA:15,2
DA:16,8
DA:17,8
DA:18,8
DA:19,8
DA:20,8
DA:21,2
DA:23,8
DA:26,2
DA:27,4
LF:18
LH:18
BRDA:20,0,0,2
BRDA:20,1,0,8
BRDA:20,1,1,6
BRDA:20,1,2,3
BRF:4
BRH:4
end_of_record
