TN:
SF:src/components/Form.tsx
FN:10,(anonymous_0)
FN:23,(anonymous_1)
FN:25,(anonymous_2)
FN:28,(anonymous_3)
FN:29,(anonymous_4)
FN:33,(anonymous_5)
FN:46,(anonymous_6)
FNF:7
FNH:3
FNDA:1,(anonymous_0)
FNDA:0,(anonymous_1)
FNDA:0,(anonymous_2)
FNDA:1,(anonymous_3)
FNDA:1,(anonymous_4)
FNDA:0,(anonymous_5)
FNDA:0,(anonymous_6)
DA:1,1
DA:2,1
DA:3,1
DA:10,1
DA:11,1
DA:20,1
DA:21,1
DA:23,1
DA:24,0
DA:25,0
DA:28,1
DA:29,1
DA:30,1
DA:33,1
DA:34,0
DA:36,0
DA:37,0
DA:38,0
DA:39,0
DA:40,0
DA:41,0
DA:43,0
DA:46,1
DA:47,0
DA:48,0
DA:50,0
DA:51,0
DA:52,0
DA:53,0
DA:61,0
DA:63,0
DA:64,0
DA:68,1
DA:111,1
LF:34
LH:15
BRDA:36,0,0,0
BRDA:37,1,0,0
BRDA:38,2,0,0
BRDA:39,3,0,0
BRDA:40,4,0,0
BRDA:41,5,0,0
BRDA:50,6,0,0
BRDA:50,6,1,0
BRDA:73,7,0,1
BRDA:73,7,1,0
BRDA:79,8,0,1
BRDA:79,8,1,0
BRDA:85,9,0,1
BRDA:85,9,1,0
BRDA:91,10,0,1
BRDA:91,10,1,0
BRDA:97,11,0,1
BRDA:97,11,1,0
BRDA:103,12,0,1
BRDA:103,12,1,0
BRF:20
BRH:6
end_of_record
TN:
SF:src/utils/validations.ts
FN:1,(anonymous_0)
FN:6,(anonymous_1)
FN:11,(anonymous_2)
FN:15,(anonymous_3)
FN:26,(anonymous_4)
FNF:5
FNH:5
FNDA:5,(anonymous_0)
FNDA:3,(anonymous_1)
FNDA:3,(anonymous_2)
FNDA:4,(anonymous_3)
FNDA:2,(anonymous_4)
DA:1,2
DA:2,5
DA:3,5
DA:6,2
DA:7,3
DA:8,3
DA:11,2
DA:12,3
DA:15,2
DA:16,4
DA:17,4
DA:18,4
DA:19,4
DA:20,4
DA:21,1
DA:23,4
DA:26,2
DA:27,2
LF:18
LH:18
BRDA:20,0,0,1
BRDA:20,1,0,4
BRDA:20,1,1,3
BRDA:20,1,2,3
BRF:4
BRH:4
end_of_record
